<?xml version="1.0" encoding="UTF-8"?>
<!-- Generated by org.testng.reporters.JUnitXMLReporter -->
<testsuite ignored="0" hostname="SHREE" failures="0" tests="5" name="Open Cart HomePage Test" time="17.455" errors="0" timestamp="2024-09-29T19:07:26 IST">
  <testcase classname="com.qa.Opencart.tests.HomePageTest" name="homePageTitleTest" time="0.064"/>
  <testcase classname="com.qa.Opencart.tests.HomePageTest" name="homePageUrlTest" time="0.011"/>
  <testcase classname="com.qa.Opencart.tests.HomePageTest" name="searchProduct" time="0.786"/>
  <testcase classname="com.qa.Opencart.tests.HomePageTest" name="searchProduct" time="0.638"/>
  <testcase classname="com.qa.Opencart.tests.HomePageTest" name="searchProduct" time="0.574"/>
</testsuite> <!-- Open Cart HomePage Test -->
