<?xml version="1.0" encoding="UTF-8"?>
<!-- Generated by org.testng.reporters.JUnitXMLReporter -->
<testsuite ignored="0" hostname="SHREE" failures="0" tests="5" name="Default test" time="30.655" errors="0" timestamp="2024-09-29T18:21:59 IST">
  <testcase classname="com.qa.Opencart.test.HomePageTest" name="homePageTitleTest" time="0.07"/>
  <testcase classname="com.qa.Opencart.test.HomePageTest" name="homePageUrlTest" time="0.003"/>
  <testcase classname="com.qa.Opencart.test.HomePageTest" name="searchProduct" time="0.823"/>
  <testcase classname="com.qa.Opencart.test.HomePageTest" name="searchProduct" time="0.836"/>
  <testcase classname="com.qa.Opencart.test.HomePageTest" name="searchProduct" time="0.535"/>
</testsuite> <!-- Default test -->
