<?xml version="1.0" encoding="UTF-8"?>
<!-- Generated by org.testng.reporters.JUnitXMLReporter -->
<testsuite ignored="0" hostname="SHREE" failures="0" tests="5" name="Default test" time="23.838" errors="0" timestamp="2024-09-29T18:59:20 IST">
  <testcase classname="com.qa.Opencart.test.HomePageTest" name="homePageTitleTest" time="0.05"/>
  <testcase classname="com.qa.Opencart.test.HomePageTest" name="homePageUrlTest" time="0.007"/>
  <testcase classname="com.qa.Opencart.test.HomePageTest" name="searchProduct" time="0.821"/>
  <testcase classname="com.qa.Opencart.test.HomePageTest" name="searchProduct" time="0.639"/>
  <testcase classname="com.qa.Opencart.test.HomePageTest" name="searchProduct" time="0.446"/>
</testsuite> <!-- Default test -->
