<?xml version="1.0" encoding="UTF-8"?>
<testng-results ignored="0" total="5" passed="5" failed="0" skipped="0">
  <reporter-output>
  </reporter-output>
  <suite started-at="2024-09-29T19:15:44 IST" name="Open Cart Test Regression Suite" finished-at="2024-09-29T19:16:07 IST" duration-ms="23201">
    <groups>
    </groups>
    <test started-at="2024-09-29T19:15:44 IST" name="Open Cart HomeTest" finished-at="2024-09-29T19:16:07 IST" duration-ms="23201">
      <class name="com.qa.Opencart.tests.HomePageTest">
        <test-method is-config="true" signature="setup()[pri:0, instance:com.qa.Opencart.tests.HomePageTest@3daa422a]" started-at="2024-09-29T19:15:44 IST" name="setup" finished-at="2024-09-29T19:16:04 IST" duration-ms="20330" status="PASS">
          <reporter-output>
          </reporter-output>
        </test-method> <!-- setup -->
        <test-method signature="homePageTitleTest()[pri:0, instance:com.qa.Opencart.tests.HomePageTest@3daa422a]" started-at="2024-09-29T19:16:05 IST" name="homePageTitleTest" finished-at="2024-09-29T19:16:05 IST" duration-ms="49" status="PASS">
          <reporter-output>
          </reporter-output>
        </test-method> <!-- homePageTitleTest -->
        <test-method signature="homePageUrlTest()[pri:0, instance:com.qa.Opencart.tests.HomePageTest@3daa422a]" started-at="2024-09-29T19:16:05 IST" name="homePageUrlTest" finished-at="2024-09-29T19:16:05 IST" duration-ms="19" status="PASS">
          <reporter-output>
          </reporter-output>
        </test-method> <!-- homePageUrlTest -->
        <test-method signature="searchProduct(java.lang.String)[pri:0, instance:com.qa.Opencart.tests.HomePageTest@3daa422a]" started-at="2024-09-29T19:16:05 IST" name="searchProduct" data-provider="getProductData" finished-at="2024-09-29T19:16:05 IST" duration-ms="671" status="PASS">
          <params>
            <param index="0">
              <value>
                <![CDATA[macbook]]>
              </value>
            </param>
          </params>
          <reporter-output>
          </reporter-output>
        </test-method> <!-- searchProduct -->
        <test-method signature="searchProduct(java.lang.String)[pri:0, instance:com.qa.Opencart.tests.HomePageTest@3daa422a]" started-at="2024-09-29T19:16:05 IST" name="searchProduct" data-provider="getProductData" finished-at="2024-09-29T19:16:06 IST" duration-ms="603" status="PASS">
          <params>
            <param index="0">
              <value>
                <![CDATA[iMac]]>
              </value>
            </param>
          </params>
          <reporter-output>
          </reporter-output>
        </test-method> <!-- searchProduct -->
        <test-method signature="searchProduct(java.lang.String)[pri:0, instance:com.qa.Opencart.tests.HomePageTest@3daa422a]" started-at="2024-09-29T19:16:06 IST" name="searchProduct" data-provider="getProductData" finished-at="2024-09-29T19:16:06 IST" duration-ms="446" status="PASS">
          <params>
            <param index="0">
              <value>
                <![CDATA[samsung]]>
              </value>
            </param>
          </params>
          <reporter-output>
          </reporter-output>
        </test-method> <!-- searchProduct -->
        <test-method is-config="true" signature="tearDown()[pri:0, instance:com.qa.Opencart.tests.HomePageTest@3daa422a]" started-at="2024-09-29T19:16:06 IST" name="tearDown" finished-at="2024-09-29T19:16:07 IST" duration-ms="906" status="PASS">
          <reporter-output>
          </reporter-output>
        </test-method> <!-- tearDown -->
      </class> <!-- com.qa.Opencart.tests.HomePageTest -->
    </test> <!-- Open Cart HomeTest -->
  </suite> <!-- Open Cart Test Regression Suite -->
</testng-results>
